<?xml version="1.0" encoding="UTF-8"?>
<!-- Generated by org.testng.reporters.JUnitReportReporter -->
<testsuite skipped="0" hostname="DESKTOP-705GI6Q" name="Test1.ProjectTest1" tests="1" failures="0" timestamp="16 Aug 2019 07:46:21 GMT" time="14.848" errors="0">
  <testcase name="test1" time="14.848" classname="Test1.ProjectTest1"/>
</testsuite> <!-- Test1.ProjectTest1 -->
